Determining if the pthread_create exist failed with the following output:
Change Dir: /home/brenemal/ros/vision_ws/src/roscv/build/CMakeFiles/CMakeTmp

Run Build Command:/usr/bin/make "cmTryCompileExec2549335653/fast"
make[1]: Entering directory `/home/brenemal/ros/vision_ws/src/roscv/build/CMakeFiles/CMakeTmp'
/usr/bin/make -f CMakeFiles/cmTryCompileExec2549335653.dir/build.make CMakeFiles/cmTryCompileExec2549335653.dir/build
make[2]: Entering directory `/home/brenemal/ros/vision_ws/src/roscv/build/CMakeFiles/CMakeTmp'
/usr/bin/cmake -E cmake_progress_report /home/brenemal/ros/vision_ws/src/roscv/build/CMakeFiles/CMakeTmp/CMakeFiles 1
Building C object CMakeFiles/cmTryCompileExec2549335653.dir/CheckSymbolExists.c.o
/usr/bin/cc    -o CMakeFiles/cmTryCompileExec2549335653.dir/CheckSymbolExists.c.o   -c /home/brenemal/ros/vision_ws/src/roscv/build/CMakeFiles/CMakeTmp/CheckSymbolExists.c
Linking C executable cmTryCompileExec2549335653
/usr/bin/cmake -E cmake_link_script CMakeFiles/cmTryCompileExec2549335653.dir/link.txt --verbose=1
/usr/bin/cc         CMakeFiles/cmTryCompileExec2549335653.dir/CheckSymbolExists.c.o  -o cmTryCompileExec2549335653 -rdynamic 
CMakeFiles/cmTryCompileExec2549335653.dir/CheckSymbolExists.c.o: In function `main':
CheckSymbolExists.c:(.text+0x16): undefined reference to `pthread_create'
collect2: error: ld returned 1 exit status
make[2]: *** [cmTryCompileExec2549335653] Error 1
make[2]: Leaving directory `/home/brenemal/ros/vision_ws/src/roscv/build/CMakeFiles/CMakeTmp'
make[1]: *** [cmTryCompileExec2549335653/fast] Error 2
make[1]: Leaving directory `/home/brenemal/ros/vision_ws/src/roscv/build/CMakeFiles/CMakeTmp'

File /home/brenemal/ros/vision_ws/src/roscv/build/CMakeFiles/CMakeTmp/CheckSymbolExists.c:
/* */
#include <pthread.h>

int main(int argc, char** argv)
{
  (void)argv;
#ifndef pthread_create
  return ((int*)(&pthread_create))[argc];
#else
  (void)argc;
  return 0;
#endif
}

Determining if the function pthread_create exists in the pthreads failed with the following output:
Change Dir: /home/brenemal/ros/vision_ws/src/roscv/build/CMakeFiles/CMakeTmp

Run Build Command:/usr/bin/make "cmTryCompileExec74540763/fast"
make[1]: Entering directory `/home/brenemal/ros/vision_ws/src/roscv/build/CMakeFiles/CMakeTmp'
/usr/bin/make -f CMakeFiles/cmTryCompileExec74540763.dir/build.make CMakeFiles/cmTryCompileExec74540763.dir/build
make[2]: Entering directory `/home/brenemal/ros/vision_ws/src/roscv/build/CMakeFiles/CMakeTmp'
/usr/bin/cmake -E cmake_progress_report /home/brenemal/ros/vision_ws/src/roscv/build/CMakeFiles/CMakeTmp/CMakeFiles 1
Building C object CMakeFiles/cmTryCompileExec74540763.dir/CheckFunctionExists.c.o
/usr/bin/cc   -DCHECK_FUNCTION_EXISTS=pthread_create   -o CMakeFiles/cmTryCompileExec74540763.dir/CheckFunctionExists.c.o   -c /usr/share/cmake-2.8/Modules/CheckFunctionExists.c
Linking C executable cmTryCompileExec74540763
/usr/bin/cmake -E cmake_link_script CMakeFiles/cmTryCompileExec74540763.dir/link.txt --verbose=1
/usr/bin/cc     -DCHECK_FUNCTION_EXISTS=pthread_create    CMakeFiles/cmTryCompileExec74540763.dir/CheckFunctionExists.c.o  -o cmTryCompileExec74540763 -rdynamic -lpthreads 
/usr/bin/ld: cannot find -lpthreads
collect2: error: ld returned 1 exit status
make[2]: *** [cmTryCompileExec74540763] Error 1
make[2]: Leaving directory `/home/brenemal/ros/vision_ws/src/roscv/build/CMakeFiles/CMakeTmp'
make[1]: Leaving directory `/home/brenemal/ros/vision_ws/src/roscv/build/CMakeFiles/CMakeTmp'
make[1]: *** [cmTryCompileExec74540763/fast] Error 2


